<?xml version="1.0" encoding="UTF-8"?>
<!-- Generated by org.testng.reporters.JUnitReportReporter -->
<testsuite skipped="0" hostname="DESKTOP-B4CGF5L" name="com.morressier.scripts.EventTest" tests="1" failures="0" timestamp="26 Aug 2018 17:13:14 GMT" time="31.378" errors="0">
  <testcase name="search" time="31.378" classname="com.morressier.scripts.EventTest"/>
</testsuite> <!-- com.morressier.scripts.EventTest -->
