<?xml version="1.0" encoding="UTF-8"?>
<!-- Generated by org.testng.reporters.JUnitReportReporter -->
<testsuite skipped="0" hostname="DESKTOP-B4CGF5L" name="com.morressier.scripts.LoginLogoutTest" tests="1" failures="0" timestamp="26 Aug 2018 14:50:35 GMT" time="7.631" errors="0">
  <testcase name="testAutoLoginLogout" time="7.631" classname="com.morressier.scripts.LoginLogoutTest"/>
</testsuite> <!-- com.morressier.scripts.LoginLogoutTest -->
