<?xml version="1.0" encoding="UTF-8"?>
<!-- Generated by org.testng.reporters.JUnitReportReporter -->
<testsuite skipped="0" hostname="DESKTOP-B4CGF5L" name="com.morressier.scripts.Setting" tests="1" failures="0" timestamp="26 Aug 2018 17:11:47 GMT" time="10.598" errors="0">
  <testcase name="search" time="10.598" classname="com.morressier.scripts.Setting"/>
</testsuite> <!-- com.morressier.scripts.Setting -->
